{"/home/diego-souza/Documentos/Diego/Bootcamp Rocketseat/GoBarber/mobile/src/components/Button/index.tsx": {"path":"/home/diego-souza/Documentos/Diego/Bootcamp Rocketseat/GoBarber/mobile/src/components/Button/index.tsx","statementMap":{"0":{"start":{"line":10,"column":38},"end":{"line":14,"column":1}},"1":{"start":{"line":11,"column":2},"end":{"line":13,"column":14}}},"fnMap":{"0":{"name":"(anonymous_0)","decl":{"start":{"line":10,"column":38},"end":{"line":10,"column":39}},"loc":{"start":{"line":11,"column":2},"end":{"line":13,"column":14}},"line":11}},"branchMap":{},"s":{"0":1,"1":1},"f":{"0":1},"b":{},"_coverageSchema":"43e27e138ebf9cfc5966b082cf9a028302ed4184","hash":"333187158bb7ace0fffb8d25fc7b33f3ca2c5ca7"}
,"/home/diego-souza/Documentos/Diego/Bootcamp Rocketseat/GoBarber/mobile/src/components/Input/index.tsx": {"path":"/home/diego-souza/Documentos/Diego/Bootcamp Rocketseat/GoBarber/mobile/src/components/Input/index.tsx","statementMap":{"0":{"start":{"line":28,"column":66},"end":{"line":85,"column":1}},"1":{"start":{"line":32,"column":26},"end":{"line":32,"column":43}},"2":{"start":{"line":33,"column":60},"end":{"line":33,"column":74}},"3":{"start":{"line":34,"column":24},"end":{"line":34,"column":76}},"4":{"start":{"line":36,"column":36},"end":{"line":36,"column":51}},"5":{"start":{"line":37,"column":34},"end":{"line":37,"column":49}},"6":{"start":{"line":39,"column":27},"end":{"line":41,"column":8}},"7":{"start":{"line":40,"column":4},"end":{"line":40,"column":23}},"8":{"start":{"line":43,"column":26},"end":{"line":47,"column":8}},"9":{"start":{"line":44,"column":4},"end":{"line":44,"column":24}},"10":{"start":{"line":46,"column":4},"end":{"line":46,"column":47}},"11":{"start":{"line":49,"column":2},"end":{"line":53,"column":6}},"12":{"start":{"line":49,"column":34},"end":{"line":53,"column":3}},"13":{"start":{"line":51,"column":6},"end":{"line":51,"column":38}},"14":{"start":{"line":55,"column":2},"end":{"line":61,"column":33}},"15":{"start":{"line":56,"column":4},"end":{"line":60,"column":7}},"16":{"start":{"line":63,"column":2},"end":{"line":84,"column":4}},"17":{"start":{"line":79,"column":10},"end":{"line":79,"column":46}}},"fnMap":{"0":{"name":"(anonymous_0)","decl":{"start":{"line":28,"column":66},"end":{"line":28,"column":67}},"loc":{"start":{"line":31,"column":5},"end":{"line":85,"column":1}},"line":31},"1":{"name":"(anonymous_1)","decl":{"start":{"line":39,"column":39},"end":{"line":39,"column":40}},"loc":{"start":{"line":39,"column":45},"end":{"line":41,"column":3}},"line":39},"2":{"name":"(anonymous_2)","decl":{"start":{"line":43,"column":38},"end":{"line":43,"column":39}},"loc":{"start":{"line":43,"column":44},"end":{"line":47,"column":3}},"line":43},"3":{"name":"(anonymous_3)","decl":{"start":{"line":49,"column":27},"end":{"line":49,"column":28}},"loc":{"start":{"line":49,"column":34},"end":{"line":53,"column":3}},"line":49},"4":{"name":"(anonymous_4)","decl":{"start":{"line":50,"column":4},"end":{"line":50,"column":5}},"loc":{"start":{"line":50,"column":12},"end":{"line":52,"column":5}},"line":50},"5":{"name":"(anonymous_5)","decl":{"start":{"line":55,"column":12},"end":{"line":55,"column":13}},"loc":{"start":{"line":55,"column":18},"end":{"line":61,"column":3}},"line":55},"6":{"name":"(anonymous_6)","decl":{"start":{"line":78,"column":22},"end":{"line":78,"column":23}},"loc":{"start":{"line":78,"column":33},"end":{"line":80,"column":9}},"line":78}},"branchMap":{"0":{"loc":{"start":{"line":29,"column":16},"end":{"line":29,"column":35}},"type":"default-arg","locations":[{"start":{"line":29,"column":33},"end":{"line":29,"column":35}}],"line":29},"1":{"loc":{"start":{"line":68,"column":15},"end":{"line":68,"column":60}},"type":"cond-expr","locations":[{"start":{"line":68,"column":39},"end":{"line":68,"column":48}},{"start":{"line":68,"column":51},"end":{"line":68,"column":60}}],"line":68},"2":{"loc":{"start":{"line":68,"column":15},"end":{"line":68,"column":36}},"type":"binary-expr","locations":[{"start":{"line":68,"column":15},"end":{"line":68,"column":24}},{"start":{"line":68,"column":28},"end":{"line":68,"column":36}}],"line":68}},"s":{"0":1,"1":2,"2":2,"3":2,"4":2,"5":2,"6":2,"7":0,"8":2,"9":0,"10":0,"11":2,"12":1,"13":0,"14":2,"15":2,"16":2,"17":0},"f":{"0":2,"1":0,"2":0,"3":1,"4":0,"5":2,"6":0},"b":{"0":[2],"1":[0,2],"2":[2,2]},"_coverageSchema":"43e27e138ebf9cfc5966b082cf9a028302ed4184","hash":"b409df1f455d90e2fe4b2072a68a01f5e77c7313"}
,"/home/diego-souza/Documentos/Diego/Bootcamp Rocketseat/GoBarber/mobile/src/hooks/auth.tsx": {"path":"/home/diego-souza/Documentos/Diego/Bootcamp Rocketseat/GoBarber/mobile/src/hooks/auth.tsx","statementMap":{"0":{"start":{"line":41,"column":20},"end":{"line":41,"column":73}},"1":{"start":{"line":43,"column":31},"end":{"line":109,"column":1}},"2":{"start":{"line":44,"column":26},"end":{"line":44,"column":62}},"3":{"start":{"line":45,"column":32},"end":{"line":45,"column":46}},"4":{"start":{"line":47,"column":2},"end":{"line":64,"column":9}},"5":{"start":{"line":49,"column":28},"end":{"line":52,"column":8}},"6":{"start":{"line":54,"column":6},"end":{"line":58,"column":7}},"7":{"start":{"line":55,"column":8},"end":{"line":55,"column":66}},"8":{"start":{"line":57,"column":8},"end":{"line":57,"column":64}},"9":{"start":{"line":60,"column":6},"end":{"line":60,"column":24}},"10":{"start":{"line":63,"column":4},"end":{"line":63,"column":22}},"11":{"start":{"line":66,"column":17},"end":{"line":82,"column":8}},"12":{"start":{"line":67,"column":21},"end":{"line":70,"column":6}},"13":{"start":{"line":72,"column":28},"end":{"line":72,"column":41}},"14":{"start":{"line":74,"column":4},"end":{"line":77,"column":7}},"15":{"start":{"line":79,"column":4},"end":{"line":79,"column":59}},"16":{"start":{"line":81,"column":4},"end":{"line":81,"column":29}},"17":{"start":{"line":84,"column":18},"end":{"line":88,"column":8}},"18":{"start":{"line":85,"column":4},"end":{"line":85,"column":74}},"19":{"start":{"line":87,"column":4},"end":{"line":87,"column":29}},"20":{"start":{"line":90,"column":21},"end":{"line":100,"column":3}},"21":{"start":{"line":92,"column":6},"end":{"line":95,"column":9}},"22":{"start":{"line":97,"column":6},"end":{"line":97,"column":73}},"23":{"start":{"line":102,"column":2},"end":{"line":108,"column":4}},"24":{"start":{"line":112,"column":18},"end":{"line":112,"column":41}},"25":{"start":{"line":114,"column":2},"end":{"line":114,"column":17}}},"fnMap":{"0":{"name":"(anonymous_0)","decl":{"start":{"line":43,"column":31},"end":{"line":43,"column":32}},"loc":{"start":{"line":43,"column":49},"end":{"line":109,"column":1}},"line":43},"1":{"name":"(anonymous_1)","decl":{"start":{"line":47,"column":12},"end":{"line":47,"column":13}},"loc":{"start":{"line":47,"column":18},"end":{"line":64,"column":3}},"line":47},"2":{"name":"loadStorageData","decl":{"start":{"line":48,"column":19},"end":{"line":48,"column":34}},"loc":{"start":{"line":48,"column":52},"end":{"line":61,"column":5}},"line":48},"3":{"name":"(anonymous_3)","decl":{"start":{"line":66,"column":29},"end":{"line":66,"column":30}},"loc":{"start":{"line":66,"column":60},"end":{"line":82,"column":3}},"line":66},"4":{"name":"(anonymous_4)","decl":{"start":{"line":84,"column":30},"end":{"line":84,"column":31}},"loc":{"start":{"line":84,"column":42},"end":{"line":88,"column":3}},"line":84},"5":{"name":"(anonymous_5)","decl":{"start":{"line":91,"column":4},"end":{"line":91,"column":5}},"loc":{"start":{"line":91,"column":26},"end":{"line":98,"column":5}},"line":91},"6":{"name":"useAuth","decl":{"start":{"line":111,"column":9},"end":{"line":111,"column":16}},"loc":{"start":{"line":111,"column":36},"end":{"line":115,"column":1}},"line":111}},"branchMap":{"0":{"loc":{"start":{"line":54,"column":6},"end":{"line":58,"column":7}},"type":"if","locations":[{"start":{"line":54,"column":6},"end":{"line":58,"column":7}},{"start":{"line":54,"column":6},"end":{"line":58,"column":7}}],"line":54},"1":{"loc":{"start":{"line":54,"column":10},"end":{"line":54,"column":29}},"type":"binary-expr","locations":[{"start":{"line":54,"column":10},"end":{"line":54,"column":18}},{"start":{"line":54,"column":22},"end":{"line":54,"column":29}}],"line":54}},"s":{"0":1,"1":1,"2":0,"3":0,"4":0,"5":0,"6":0,"7":0,"8":0,"9":0,"10":0,"11":0,"12":0,"13":0,"14":0,"15":0,"16":0,"17":0,"18":0,"19":0,"20":0,"21":0,"22":0,"23":0,"24":1,"25":1},"f":{"0":0,"1":0,"2":0,"3":0,"4":0,"5":0,"6":1},"b":{"0":[0,0],"1":[0,0]},"_coverageSchema":"43e27e138ebf9cfc5966b082cf9a028302ed4184","hash":"0c604f5245392503d8fd96334a833978967158e8"}
,"/home/diego-souza/Documentos/Diego/Bootcamp Rocketseat/GoBarber/mobile/src/pages/AppointmentCreated/index.tsx": {"path":"/home/diego-souza/Documentos/Diego/Bootcamp Rocketseat/GoBarber/mobile/src/pages/AppointmentCreated/index.tsx","statementMap":{"0":{"start":{"line":19,"column":37},"end":{"line":51,"column":1}},"1":{"start":{"line":20,"column":20},"end":{"line":20,"column":35}},"2":{"start":{"line":21,"column":21},"end":{"line":21,"column":31}},"3":{"start":{"line":22,"column":22},"end":{"line":22,"column":43}},"4":{"start":{"line":24,"column":26},"end":{"line":29,"column":13}},"5":{"start":{"line":25,"column":4},"end":{"line":28,"column":7}},"6":{"start":{"line":31,"column":24},"end":{"line":39,"column":24}},"7":{"start":{"line":32,"column":4},"end":{"line":38,"column":6}},"8":{"start":{"line":41,"column":2},"end":{"line":50,"column":4}}},"fnMap":{"0":{"name":"(anonymous_0)","decl":{"start":{"line":19,"column":37},"end":{"line":19,"column":38}},"loc":{"start":{"line":19,"column":43},"end":{"line":51,"column":1}},"line":19},"1":{"name":"(anonymous_1)","decl":{"start":{"line":24,"column":38},"end":{"line":24,"column":39}},"loc":{"start":{"line":24,"column":44},"end":{"line":29,"column":3}},"line":24},"2":{"name":"(anonymous_2)","decl":{"start":{"line":31,"column":32},"end":{"line":31,"column":33}},"loc":{"start":{"line":31,"column":38},"end":{"line":39,"column":3}},"line":31}},"branchMap":{},"s":{"0":0,"1":0,"2":0,"3":0,"4":0,"5":0,"6":0,"7":0,"8":0},"f":{"0":0,"1":0,"2":0},"b":{},"hash":"6e8309c6712eeb7c9e6e64a913454bd7448ffa4b"}
,"/home/diego-souza/Documentos/Diego/Bootcamp Rocketseat/GoBarber/mobile/src/pages/CreateAppointment/index.tsx": {"path":"/home/diego-souza/Documentos/Diego/Bootcamp Rocketseat/GoBarber/mobile/src/pages/CreateAppointment/index.tsx","statementMap":{"0":{"start":{"line":53,"column":36},"end":{"line":266,"column":1}},"1":{"start":{"line":54,"column":16},"end":{"line":54,"column":26}},"2":{"start":{"line":55,"column":19},"end":{"line":55,"column":28}},"3":{"start":{"line":56,"column":31},"end":{"line":56,"column":46}},"4":{"start":{"line":58,"column":22},"end":{"line":58,"column":49}},"5":{"start":{"line":60,"column":42},"end":{"line":60,"column":53}},"6":{"start":{"line":61,"column":54},"end":{"line":61,"column":69}},"7":{"start":{"line":62,"column":42},"end":{"line":62,"column":62}},"8":{"start":{"line":63,"column":36},"end":{"line":63,"column":60}},"9":{"start":{"line":64,"column":42},"end":{"line":64,"column":74}},"10":{"start":{"line":65,"column":50},"end":{"line":67,"column":3}},"11":{"start":{"line":69,"column":2},"end":{"line":73,"column":9}},"12":{"start":{"line":70,"column":4},"end":{"line":72,"column":7}},"13":{"start":{"line":71,"column":6},"end":{"line":71,"column":34}},"14":{"start":{"line":75,"column":2},"end":{"line":87,"column":39}},"15":{"start":{"line":76,"column":4},"end":{"line":86,"column":9}},"16":{"start":{"line":85,"column":8},"end":{"line":85,"column":39}},"17":{"start":{"line":89,"column":23},"end":{"line":91,"column":14}},"18":{"start":{"line":90,"column":4},"end":{"line":90,"column":13}},"19":{"start":{"line":93,"column":31},"end":{"line":95,"column":8}},"20":{"start":{"line":94,"column":4},"end":{"line":94,"column":36}},"21":{"start":{"line":97,"column":33},"end":{"line":99,"column":8}},"22":{"start":{"line":98,"column":4},"end":{"line":98,"column":45}},"23":{"start":{"line":98,"column":37},"end":{"line":98,"column":43}},"24":{"start":{"line":101,"column":28},"end":{"line":112,"column":3}},"25":{"start":{"line":103,"column":6},"end":{"line":105,"column":7}},"26":{"start":{"line":104,"column":8},"end":{"line":104,"column":37}},"27":{"start":{"line":107,"column":6},"end":{"line":109,"column":7}},"28":{"start":{"line":108,"column":8},"end":{"line":108,"column":30}},"29":{"start":{"line":114,"column":30},"end":{"line":124,"column":20}},"30":{"start":{"line":115,"column":4},"end":{"line":123,"column":9}},"31":{"start":{"line":116,"column":28},"end":{"line":116,"column":37}},"32":{"start":{"line":118,"column":8},"end":{"line":122,"column":10}},"33":{"start":{"line":126,"column":32},"end":{"line":136,"column":20}},"34":{"start":{"line":127,"column":4},"end":{"line":135,"column":9}},"35":{"start":{"line":128,"column":28},"end":{"line":128,"column":38}},"36":{"start":{"line":130,"column":8},"end":{"line":134,"column":10}},"37":{"start":{"line":138,"column":27},"end":{"line":140,"column":8}},"38":{"start":{"line":139,"column":4},"end":{"line":139,"column":26}},"39":{"start":{"line":142,"column":34},"end":{"line":160,"column":62}},"40":{"start":{"line":143,"column":4},"end":{"line":159,"column":5}},"41":{"start":{"line":144,"column":19},"end":{"line":144,"column":41}},"42":{"start":{"line":145,"column":6},"end":{"line":145,"column":34}},"43":{"start":{"line":146,"column":6},"end":{"line":146,"column":25}},"44":{"start":{"line":148,"column":6},"end":{"line":151,"column":9}},"45":{"start":{"line":153,"column":6},"end":{"line":153,"column":63}},"46":{"start":{"line":155,"column":6},"end":{"line":158,"column":8}},"47":{"start":{"line":162,"column":2},"end":{"line":265,"column":4}},"48":{"start":{"line":180,"column":40},"end":{"line":180,"column":51}},"49":{"start":{"line":182,"column":14},"end":{"line":190,"column":34}},"50":{"start":{"line":183,"column":31},"end":{"line":183,"column":64}},"51":{"start":{"line":222,"column":16},"end":{"line":232,"column":23}},"52":{"start":{"line":227,"column":33},"end":{"line":227,"column":55}},"53":{"start":{"line":243,"column":18},"end":{"line":253,"column":25}},"54":{"start":{"line":248,"column":35},"end":{"line":248,"column":57}}},"fnMap":{"0":{"name":"(anonymous_0)","decl":{"start":{"line":53,"column":36},"end":{"line":53,"column":37}},"loc":{"start":{"line":53,"column":42},"end":{"line":266,"column":1}},"line":53},"1":{"name":"(anonymous_1)","decl":{"start":{"line":69,"column":12},"end":{"line":69,"column":13}},"loc":{"start":{"line":69,"column":18},"end":{"line":73,"column":3}},"line":69},"2":{"name":"(anonymous_2)","decl":{"start":{"line":70,"column":30},"end":{"line":70,"column":31}},"loc":{"start":{"line":70,"column":44},"end":{"line":72,"column":5}},"line":70},"3":{"name":"(anonymous_3)","decl":{"start":{"line":75,"column":12},"end":{"line":75,"column":13}},"loc":{"start":{"line":75,"column":18},"end":{"line":87,"column":3}},"line":75},"4":{"name":"(anonymous_4)","decl":{"start":{"line":84,"column":12},"end":{"line":84,"column":13}},"loc":{"start":{"line":84,"column":26},"end":{"line":86,"column":7}},"line":84},"5":{"name":"(anonymous_5)","decl":{"start":{"line":89,"column":35},"end":{"line":89,"column":36}},"loc":{"start":{"line":89,"column":41},"end":{"line":91,"column":3}},"line":89},"6":{"name":"(anonymous_6)","decl":{"start":{"line":93,"column":43},"end":{"line":93,"column":44}},"loc":{"start":{"line":93,"column":67},"end":{"line":95,"column":3}},"line":93},"7":{"name":"(anonymous_7)","decl":{"start":{"line":97,"column":45},"end":{"line":97,"column":46}},"loc":{"start":{"line":97,"column":51},"end":{"line":99,"column":3}},"line":97},"8":{"name":"(anonymous_8)","decl":{"start":{"line":98,"column":26},"end":{"line":98,"column":27}},"loc":{"start":{"line":98,"column":37},"end":{"line":98,"column":43}},"line":98},"9":{"name":"(anonymous_9)","decl":{"start":{"line":102,"column":4},"end":{"line":102,"column":5}},"loc":{"start":{"line":102,"column":44},"end":{"line":110,"column":5}},"line":102},"10":{"name":"(anonymous_10)","decl":{"start":{"line":114,"column":38},"end":{"line":114,"column":39}},"loc":{"start":{"line":114,"column":44},"end":{"line":124,"column":3}},"line":114},"11":{"name":"(anonymous_11)","decl":{"start":{"line":116,"column":14},"end":{"line":116,"column":15}},"loc":{"start":{"line":116,"column":28},"end":{"line":116,"column":37}},"line":116},"12":{"name":"(anonymous_12)","decl":{"start":{"line":117,"column":11},"end":{"line":117,"column":12}},"loc":{"start":{"line":117,"column":36},"end":{"line":123,"column":7}},"line":117},"13":{"name":"(anonymous_13)","decl":{"start":{"line":126,"column":40},"end":{"line":126,"column":41}},"loc":{"start":{"line":126,"column":46},"end":{"line":136,"column":3}},"line":126},"14":{"name":"(anonymous_14)","decl":{"start":{"line":128,"column":14},"end":{"line":128,"column":15}},"loc":{"start":{"line":128,"column":28},"end":{"line":128,"column":38}},"line":128},"15":{"name":"(anonymous_15)","decl":{"start":{"line":129,"column":11},"end":{"line":129,"column":12}},"loc":{"start":{"line":129,"column":36},"end":{"line":135,"column":7}},"line":129},"16":{"name":"(anonymous_16)","decl":{"start":{"line":138,"column":39},"end":{"line":138,"column":40}},"loc":{"start":{"line":138,"column":57},"end":{"line":140,"column":3}},"line":138},"17":{"name":"(anonymous_17)","decl":{"start":{"line":142,"column":46},"end":{"line":142,"column":47}},"loc":{"start":{"line":142,"column":58},"end":{"line":160,"column":3}},"line":142},"18":{"name":"(anonymous_18)","decl":{"start":{"line":180,"column":26},"end":{"line":180,"column":27}},"loc":{"start":{"line":180,"column":40},"end":{"line":180,"column":51}},"line":180},"19":{"name":"(anonymous_19)","decl":{"start":{"line":181,"column":24},"end":{"line":181,"column":25}},"loc":{"start":{"line":182,"column":14},"end":{"line":190,"column":34}},"line":182},"20":{"name":"(anonymous_20)","decl":{"start":{"line":183,"column":25},"end":{"line":183,"column":26}},"loc":{"start":{"line":183,"column":31},"end":{"line":183,"column":64}},"line":183},"21":{"name":"(anonymous_21)","decl":{"start":{"line":221,"column":39},"end":{"line":221,"column":40}},"loc":{"start":{"line":222,"column":16},"end":{"line":232,"column":23}},"line":222},"22":{"name":"(anonymous_22)","decl":{"start":{"line":227,"column":27},"end":{"line":227,"column":28}},"loc":{"start":{"line":227,"column":33},"end":{"line":227,"column":55}},"line":227},"23":{"name":"(anonymous_23)","decl":{"start":{"line":242,"column":16},"end":{"line":242,"column":17}},"loc":{"start":{"line":243,"column":18},"end":{"line":253,"column":25}},"line":243},"24":{"name":"(anonymous_24)","decl":{"start":{"line":248,"column":29},"end":{"line":248,"column":30}},"loc":{"start":{"line":248,"column":35},"end":{"line":248,"column":57}},"line":248}},"branchMap":{"0":{"loc":{"start":{"line":103,"column":6},"end":{"line":105,"column":7}},"type":"if","locations":[{"start":{"line":103,"column":6},"end":{"line":105,"column":7}},{"start":{"line":103,"column":6},"end":{"line":105,"column":7}}],"line":103},"1":{"loc":{"start":{"line":107,"column":6},"end":{"line":109,"column":7}},"type":"if","locations":[{"start":{"line":107,"column":6},"end":{"line":109,"column":7}},{"start":{"line":107,"column":6},"end":{"line":109,"column":7}}],"line":107},"2":{"loc":{"start":{"line":204,"column":11},"end":{"line":212,"column":11}},"type":"binary-expr","locations":[{"start":{"line":204,"column":11},"end":{"line":204,"column":29}},{"start":{"line":205,"column":12},"end":{"line":211,"column":14}}],"line":204}},"s":{"0":0,"1":0,"2":0,"3":0,"4":0,"5":0,"6":0,"7":0,"8":0,"9":0,"10":0,"11":0,"12":0,"13":0,"14":0,"15":0,"16":0,"17":0,"18":0,"19":0,"20":0,"21":0,"22":0,"23":0,"24":0,"25":0,"26":0,"27":0,"28":0,"29":0,"30":0,"31":0,"32":0,"33":0,"34":0,"35":0,"36":0,"37":0,"38":0,"39":0,"40":0,"41":0,"42":0,"43":0,"44":0,"45":0,"46":0,"47":0,"48":0,"49":0,"50":0,"51":0,"52":0,"53":0,"54":0},"f":{"0":0,"1":0,"2":0,"3":0,"4":0,"5":0,"6":0,"7":0,"8":0,"9":0,"10":0,"11":0,"12":0,"13":0,"14":0,"15":0,"16":0,"17":0,"18":0,"19":0,"20":0,"21":0,"22":0,"23":0,"24":0},"b":{"0":[0,0],"1":[0,0],"2":[0,0]},"hash":"9e5ee7cc77714f553793ffdcc16d4802c33a5ee2"}
,"/home/diego-souza/Documentos/Diego/Bootcamp Rocketseat/GoBarber/mobile/src/pages/Dashboard/index.tsx": {"path":"/home/diego-souza/Documentos/Diego/Bootcamp Rocketseat/GoBarber/mobile/src/pages/Dashboard/index.tsx","statementMap":{"0":{"start":{"line":31,"column":28},"end":{"line":99,"column":1}},"1":{"start":{"line":32,"column":36},"end":{"line":32,"column":60}},"2":{"start":{"line":34,"column":28},"end":{"line":34,"column":37}},"3":{"start":{"line":35,"column":23},"end":{"line":35,"column":38}},"4":{"start":{"line":37,"column":2},"end":{"line":41,"column":9}},"5":{"start":{"line":38,"column":4},"end":{"line":40,"column":7}},"6":{"start":{"line":39,"column":6},"end":{"line":39,"column":34}},"7":{"start":{"line":43,"column":28},"end":{"line":45,"column":16}},"8":{"start":{"line":44,"column":4},"end":{"line":44,"column":24}},"9":{"start":{"line":47,"column":39},"end":{"line":54,"column":3}},"10":{"start":{"line":49,"column":6},"end":{"line":51,"column":9}},"11":{"start":{"line":56,"column":2},"end":{"line":98,"column":4}},"12":{"start":{"line":71,"column":36},"end":{"line":71,"column":47}},"13":{"start":{"line":76,"column":10},"end":{"line":94,"column":30}},"14":{"start":{"line":77,"column":27},"end":{"line":77,"column":68}}},"fnMap":{"0":{"name":"(anonymous_0)","decl":{"start":{"line":31,"column":28},"end":{"line":31,"column":29}},"loc":{"start":{"line":31,"column":34},"end":{"line":99,"column":1}},"line":31},"1":{"name":"(anonymous_1)","decl":{"start":{"line":37,"column":12},"end":{"line":37,"column":13}},"loc":{"start":{"line":37,"column":18},"end":{"line":41,"column":3}},"line":37},"2":{"name":"(anonymous_2)","decl":{"start":{"line":38,"column":30},"end":{"line":38,"column":31}},"loc":{"start":{"line":38,"column":44},"end":{"line":40,"column":5}},"line":38},"3":{"name":"(anonymous_3)","decl":{"start":{"line":43,"column":40},"end":{"line":43,"column":41}},"loc":{"start":{"line":43,"column":46},"end":{"line":45,"column":3}},"line":43},"4":{"name":"(anonymous_4)","decl":{"start":{"line":48,"column":4},"end":{"line":48,"column":5}},"loc":{"start":{"line":48,"column":28},"end":{"line":52,"column":5}},"line":48},"5":{"name":"(anonymous_5)","decl":{"start":{"line":71,"column":22},"end":{"line":71,"column":23}},"loc":{"start":{"line":71,"column":36},"end":{"line":71,"column":47}},"line":71},"6":{"name":"(anonymous_6)","decl":{"start":{"line":75,"column":20},"end":{"line":75,"column":21}},"loc":{"start":{"line":76,"column":10},"end":{"line":94,"column":30}},"line":76},"7":{"name":"(anonymous_7)","decl":{"start":{"line":77,"column":21},"end":{"line":77,"column":22}},"loc":{"start":{"line":77,"column":27},"end":{"line":77,"column":68}},"line":77}},"branchMap":{},"s":{"0":0,"1":0,"2":0,"3":0,"4":0,"5":0,"6":0,"7":0,"8":0,"9":0,"10":0,"11":0,"12":0,"13":0,"14":0},"f":{"0":0,"1":0,"2":0,"3":0,"4":0,"5":0,"6":0,"7":0},"b":{},"hash":"8b056eefd1ba7091629e213d8d8ee2bcc30f3d5c"}
,"/home/diego-souza/Documentos/Diego/Bootcamp Rocketseat/GoBarber/mobile/src/pages/Profile/index.tsx": {"path":"/home/diego-souza/Documentos/Diego/Bootcamp Rocketseat/GoBarber/mobile/src/pages/Profile/index.tsx","statementMap":{"0":{"start":{"line":41,"column":26},"end":{"line":251,"column":1}},"1":{"start":{"line":42,"column":40},"end":{"line":42,"column":49}},"2":{"start":{"line":43,"column":21},"end":{"line":43,"column":36}},"3":{"start":{"line":44,"column":18},"end":{"line":44,"column":43}},"4":{"start":{"line":45,"column":30},"end":{"line":45,"column":53}},"5":{"start":{"line":46,"column":30},"end":{"line":46,"column":53}},"6":{"start":{"line":47,"column":34},"end":{"line":47,"column":57}},"7":{"start":{"line":48,"column":24},"end":{"line":48,"column":47}},"8":{"start":{"line":50,"column":30},"end":{"line":117,"column":3}},"9":{"start":{"line":52,"column":6},"end":{"line":114,"column":7}},"10":{"start":{"line":53,"column":8},"end":{"line":53,"column":39}},"11":{"start":{"line":55,"column":23},"end":{"line":73,"column":10}},"12":{"start":{"line":62,"column":25},"end":{"line":62,"column":56}},"13":{"start":{"line":68,"column":27},"end":{"line":68,"column":58}},"14":{"start":{"line":75,"column":8},"end":{"line":77,"column":11}},"15":{"start":{"line":85,"column":12},"end":{"line":85,"column":16}},"16":{"start":{"line":87,"column":25},"end":{"line":97,"column":9}},"17":{"start":{"line":99,"column":25},"end":{"line":99,"column":60}},"18":{"start":{"line":100,"column":8},"end":{"line":100,"column":34}},"19":{"start":{"line":102,"column":8},"end":{"line":102,"column":64}},"20":{"start":{"line":104,"column":8},"end":{"line":104,"column":28}},"21":{"start":{"line":106,"column":8},"end":{"line":111,"column":9}},"22":{"start":{"line":107,"column":25},"end":{"line":107,"column":49}},"23":{"start":{"line":108,"column":10},"end":{"line":108,"column":45}},"24":{"start":{"line":110,"column":10},"end":{"line":110,"column":17}},"25":{"start":{"line":113,"column":8},"end":{"line":113,"column":66}},"26":{"start":{"line":119,"column":23},"end":{"line":121,"column":18}},"27":{"start":{"line":120,"column":4},"end":{"line":120,"column":24}},"28":{"start":{"line":123,"column":29},"end":{"line":154,"column":27}},"29":{"start":{"line":124,"column":4},"end":{"line":153,"column":6}},"30":{"start":{"line":132,"column":8},"end":{"line":134,"column":9}},"31":{"start":{"line":133,"column":10},"end":{"line":133,"column":17}},"32":{"start":{"line":136,"column":8},"end":{"line":139,"column":9}},"33":{"start":{"line":137,"column":10},"end":{"line":137,"column":71}},"34":{"start":{"line":138,"column":10},"end":{"line":138,"column":17}},"35":{"start":{"line":141,"column":21},"end":{"line":141,"column":35}},"36":{"start":{"line":143,"column":8},"end":{"line":147,"column":11}},"37":{"start":{"line":149,"column":8},"end":{"line":151,"column":11}},"38":{"start":{"line":150,"column":10},"end":{"line":150,"column":39}},"39":{"start":{"line":156,"column":2},"end":{"line":250,"column":4}},"40":{"start":{"line":191,"column":39},"end":{"line":191,"column":69}},"41":{"start":{"line":203,"column":39},"end":{"line":203,"column":75}},"42":{"start":{"line":215,"column":39},"end":{"line":215,"column":75}},"43":{"start":{"line":226,"column":39},"end":{"line":226,"column":79}},"44":{"start":{"line":237,"column":39},"end":{"line":237,"column":68}},"45":{"start":{"line":240,"column":37},"end":{"line":240,"column":66}}},"fnMap":{"0":{"name":"(anonymous_0)","decl":{"start":{"line":41,"column":26},"end":{"line":41,"column":27}},"loc":{"start":{"line":41,"column":32},"end":{"line":251,"column":1}},"line":41},"1":{"name":"(anonymous_1)","decl":{"start":{"line":51,"column":4},"end":{"line":51,"column":5}},"loc":{"start":{"line":51,"column":37},"end":{"line":115,"column":5}},"line":51},"2":{"name":"(anonymous_2)","decl":{"start":{"line":62,"column":16},"end":{"line":62,"column":17}},"loc":{"start":{"line":62,"column":25},"end":{"line":62,"column":56}},"line":62},"3":{"name":"(anonymous_3)","decl":{"start":{"line":68,"column":18},"end":{"line":68,"column":19}},"loc":{"start":{"line":68,"column":27},"end":{"line":68,"column":58}},"line":68},"4":{"name":"(anonymous_4)","decl":{"start":{"line":119,"column":35},"end":{"line":119,"column":36}},"loc":{"start":{"line":119,"column":41},"end":{"line":121,"column":3}},"line":119},"5":{"name":"(anonymous_5)","decl":{"start":{"line":123,"column":41},"end":{"line":123,"column":42}},"loc":{"start":{"line":123,"column":53},"end":{"line":154,"column":3}},"line":123},"6":{"name":"(anonymous_6)","decl":{"start":{"line":131,"column":6},"end":{"line":131,"column":7}},"loc":{"start":{"line":131,"column":20},"end":{"line":152,"column":7}},"line":131},"7":{"name":"(anonymous_7)","decl":{"start":{"line":149,"column":46},"end":{"line":149,"column":47}},"loc":{"start":{"line":149,"column":63},"end":{"line":151,"column":9}},"line":149},"8":{"name":"(anonymous_8)","decl":{"start":{"line":191,"column":33},"end":{"line":191,"column":34}},"loc":{"start":{"line":191,"column":39},"end":{"line":191,"column":69}},"line":191},"9":{"name":"(anonymous_9)","decl":{"start":{"line":203,"column":33},"end":{"line":203,"column":34}},"loc":{"start":{"line":203,"column":39},"end":{"line":203,"column":75}},"line":203},"10":{"name":"(anonymous_10)","decl":{"start":{"line":215,"column":33},"end":{"line":215,"column":34}},"loc":{"start":{"line":215,"column":39},"end":{"line":215,"column":75}},"line":215},"11":{"name":"(anonymous_11)","decl":{"start":{"line":226,"column":33},"end":{"line":226,"column":34}},"loc":{"start":{"line":226,"column":39},"end":{"line":226,"column":79}},"line":226},"12":{"name":"(anonymous_12)","decl":{"start":{"line":237,"column":33},"end":{"line":237,"column":34}},"loc":{"start":{"line":237,"column":39},"end":{"line":237,"column":68}},"line":237},"13":{"name":"(anonymous_13)","decl":{"start":{"line":240,"column":31},"end":{"line":240,"column":32}},"loc":{"start":{"line":240,"column":37},"end":{"line":240,"column":66}},"line":240}},"branchMap":{"0":{"loc":{"start":{"line":62,"column":25},"end":{"line":62,"column":56}},"type":"binary-expr","locations":[{"start":{"line":62,"column":25},"end":{"line":62,"column":35}},{"start":{"line":62,"column":39},"end":{"line":62,"column":56}}],"line":62},"1":{"loc":{"start":{"line":68,"column":27},"end":{"line":68,"column":58}},"type":"binary-expr","locations":[{"start":{"line":68,"column":27},"end":{"line":68,"column":37}},{"start":{"line":68,"column":41},"end":{"line":68,"column":58}}],"line":68},"2":{"loc":{"start":{"line":90,"column":14},"end":{"line":96,"column":16}},"type":"cond-expr","locations":[{"start":{"line":91,"column":14},"end":{"line":95,"column":15}},{"start":{"line":96,"column":14},"end":{"line":96,"column":16}}],"line":90},"3":{"loc":{"start":{"line":106,"column":8},"end":{"line":111,"column":9}},"type":"if","locations":[{"start":{"line":106,"column":8},"end":{"line":111,"column":9}},{"start":{"line":106,"column":8},"end":{"line":111,"column":9}}],"line":106},"4":{"loc":{"start":{"line":132,"column":8},"end":{"line":134,"column":9}},"type":"if","locations":[{"start":{"line":132,"column":8},"end":{"line":134,"column":9}},{"start":{"line":132,"column":8},"end":{"line":134,"column":9}}],"line":132},"5":{"loc":{"start":{"line":136,"column":8},"end":{"line":139,"column":9}},"type":"if","locations":[{"start":{"line":136,"column":8},"end":{"line":139,"column":9}},{"start":{"line":136,"column":8},"end":{"line":139,"column":9}}],"line":136},"6":{"loc":{"start":{"line":160,"column":18},"end":{"line":160,"column":63}},"type":"cond-expr","locations":[{"start":{"line":160,"column":42},"end":{"line":160,"column":51}},{"start":{"line":160,"column":54},"end":{"line":160,"column":63}}],"line":160}},"s":{"0":0,"1":0,"2":0,"3":0,"4":0,"5":0,"6":0,"7":0,"8":0,"9":0,"10":0,"11":0,"12":0,"13":0,"14":0,"15":0,"16":0,"17":0,"18":0,"19":0,"20":0,"21":0,"22":0,"23":0,"24":0,"25":0,"26":0,"27":0,"28":0,"29":0,"30":0,"31":0,"32":0,"33":0,"34":0,"35":0,"36":0,"37":0,"38":0,"39":0,"40":0,"41":0,"42":0,"43":0,"44":0,"45":0},"f":{"0":0,"1":0,"2":0,"3":0,"4":0,"5":0,"6":0,"7":0,"8":0,"9":0,"10":0,"11":0,"12":0,"13":0},"b":{"0":[0,0],"1":[0,0],"2":[0,0],"3":[0,0],"4":[0,0],"5":[0,0],"6":[0,0]},"hash":"3ee50b50341d4eba1820a0f4274f814538d18d5a"}
,"/home/diego-souza/Documentos/Diego/Bootcamp Rocketseat/GoBarber/mobile/src/pages/SignIn/index.tsx": {"path":"/home/diego-souza/Documentos/Diego/Bootcamp Rocketseat/GoBarber/mobile/src/pages/SignIn/index.tsx","statementMap":{"0":{"start":{"line":41,"column":25},"end":{"line":145,"column":1}},"1":{"start":{"line":42,"column":21},"end":{"line":42,"column":30}},"2":{"start":{"line":43,"column":21},"end":{"line":43,"column":36}},"3":{"start":{"line":44,"column":18},"end":{"line":44,"column":43}},"4":{"start":{"line":45,"column":27},"end":{"line":45,"column":50}},"5":{"start":{"line":47,"column":23},"end":{"line":82,"column":3}},"6":{"start":{"line":49,"column":6},"end":{"line":79,"column":7}},"7":{"start":{"line":50,"column":8},"end":{"line":50,"column":39}},"8":{"start":{"line":52,"column":23},"end":{"line":57,"column":10}},"9":{"start":{"line":59,"column":8},"end":{"line":61,"column":11}},"10":{"start":{"line":63,"column":8},"end":{"line":66,"column":11}},"11":{"start":{"line":68,"column":8},"end":{"line":73,"column":9}},"12":{"start":{"line":69,"column":25},"end":{"line":69,"column":49}},"13":{"start":{"line":70,"column":10},"end":{"line":70,"column":45}},"14":{"start":{"line":72,"column":10},"end":{"line":72,"column":17}},"15":{"start":{"line":75,"column":8},"end":{"line":78,"column":10}},"16":{"start":{"line":84,"column":2},"end":{"line":144,"column":4}},"17":{"start":{"line":111,"column":39},"end":{"line":111,"column":72}},"18":{"start":{"line":120,"column":39},"end":{"line":120,"column":68}},"19":{"start":{"line":123,"column":37},"end":{"line":123,"column":66}},"20":{"start":{"line":130,"column":16},"end":{"line":130,"column":34}},"21":{"start":{"line":139,"column":42},"end":{"line":139,"column":71}}},"fnMap":{"0":{"name":"(anonymous_0)","decl":{"start":{"line":41,"column":25},"end":{"line":41,"column":26}},"loc":{"start":{"line":41,"column":31},"end":{"line":145,"column":1}},"line":41},"1":{"name":"(anonymous_1)","decl":{"start":{"line":48,"column":4},"end":{"line":48,"column":5}},"loc":{"start":{"line":48,"column":36},"end":{"line":80,"column":5}},"line":48},"2":{"name":"(anonymous_2)","decl":{"start":{"line":111,"column":33},"end":{"line":111,"column":34}},"loc":{"start":{"line":111,"column":39},"end":{"line":111,"column":72}},"line":111},"3":{"name":"(anonymous_3)","decl":{"start":{"line":120,"column":33},"end":{"line":120,"column":34}},"loc":{"start":{"line":120,"column":39},"end":{"line":120,"column":68}},"line":120},"4":{"name":"(anonymous_4)","decl":{"start":{"line":123,"column":31},"end":{"line":123,"column":32}},"loc":{"start":{"line":123,"column":37},"end":{"line":123,"column":66}},"line":123},"5":{"name":"(anonymous_5)","decl":{"start":{"line":129,"column":23},"end":{"line":129,"column":24}},"loc":{"start":{"line":129,"column":29},"end":{"line":131,"column":15}},"line":129},"6":{"name":"(anonymous_6)","decl":{"start":{"line":139,"column":36},"end":{"line":139,"column":37}},"loc":{"start":{"line":139,"column":42},"end":{"line":139,"column":71}},"line":139}},"branchMap":{"0":{"loc":{"start":{"line":68,"column":8},"end":{"line":73,"column":9}},"type":"if","locations":[{"start":{"line":68,"column":8},"end":{"line":73,"column":9}},{"start":{"line":68,"column":8},"end":{"line":73,"column":9}}],"line":68},"1":{"loc":{"start":{"line":88,"column":18},"end":{"line":88,"column":63}},"type":"cond-expr","locations":[{"start":{"line":88,"column":42},"end":{"line":88,"column":51}},{"start":{"line":88,"column":54},"end":{"line":88,"column":63}}],"line":88}},"s":{"0":1,"1":1,"2":1,"3":1,"4":1,"5":1,"6":0,"7":0,"8":0,"9":0,"10":0,"11":0,"12":0,"13":0,"14":0,"15":0,"16":1,"17":0,"18":0,"19":0,"20":0,"21":0},"f":{"0":1,"1":0,"2":0,"3":0,"4":0,"5":0,"6":0},"b":{"0":[0,0],"1":[1,0]},"_coverageSchema":"43e27e138ebf9cfc5966b082cf9a028302ed4184","hash":"c4bca61009e577494e00d130eac6101a4b1f7e3c"}
,"/home/diego-souza/Documentos/Diego/Bootcamp Rocketseat/GoBarber/mobile/src/pages/SignUp/index.tsx": {"path":"/home/diego-souza/Documentos/Diego/Bootcamp Rocketseat/GoBarber/mobile/src/pages/SignUp/index.tsx","statementMap":{"0":{"start":{"line":34,"column":25},"end":{"line":142,"column":1}},"1":{"start":{"line":35,"column":21},"end":{"line":35,"column":36}},"2":{"start":{"line":36,"column":18},"end":{"line":36,"column":43}},"3":{"start":{"line":37,"column":27},"end":{"line":37,"column":50}},"4":{"start":{"line":38,"column":24},"end":{"line":38,"column":47}},"5":{"start":{"line":40,"column":23},"end":{"line":77,"column":3}},"6":{"start":{"line":42,"column":6},"end":{"line":74,"column":7}},"7":{"start":{"line":43,"column":8},"end":{"line":43,"column":39}},"8":{"start":{"line":45,"column":23},"end":{"line":51,"column":10}},"9":{"start":{"line":53,"column":8},"end":{"line":55,"column":11}},"10":{"start":{"line":57,"column":8},"end":{"line":57,"column":39}},"11":{"start":{"line":59,"column":8},"end":{"line":59,"column":65}},"12":{"start":{"line":61,"column":8},"end":{"line":61,"column":28}},"13":{"start":{"line":63,"column":8},"end":{"line":68,"column":9}},"14":{"start":{"line":64,"column":25},"end":{"line":64,"column":49}},"15":{"start":{"line":65,"column":10},"end":{"line":65,"column":45}},"16":{"start":{"line":67,"column":10},"end":{"line":67,"column":17}},"17":{"start":{"line":70,"column":8},"end":{"line":73,"column":10}},"18":{"start":{"line":79,"column":2},"end":{"line":141,"column":4}},"19":{"start":{"line":104,"column":39},"end":{"line":104,"column":69}},"20":{"start":{"line":115,"column":39},"end":{"line":115,"column":72}},"21":{"start":{"line":125,"column":39},"end":{"line":125,"column":68}},"22":{"start":{"line":128,"column":37},"end":{"line":128,"column":66}},"23":{"start":{"line":136,"column":34},"end":{"line":136,"column":53}}},"fnMap":{"0":{"name":"(anonymous_0)","decl":{"start":{"line":34,"column":25},"end":{"line":34,"column":26}},"loc":{"start":{"line":34,"column":31},"end":{"line":142,"column":1}},"line":34},"1":{"name":"(anonymous_1)","decl":{"start":{"line":41,"column":4},"end":{"line":41,"column":5}},"loc":{"start":{"line":41,"column":36},"end":{"line":75,"column":5}},"line":41},"2":{"name":"(anonymous_2)","decl":{"start":{"line":104,"column":33},"end":{"line":104,"column":34}},"loc":{"start":{"line":104,"column":39},"end":{"line":104,"column":69}},"line":104},"3":{"name":"(anonymous_3)","decl":{"start":{"line":115,"column":33},"end":{"line":115,"column":34}},"loc":{"start":{"line":115,"column":39},"end":{"line":115,"column":72}},"line":115},"4":{"name":"(anonymous_4)","decl":{"start":{"line":125,"column":33},"end":{"line":125,"column":34}},"loc":{"start":{"line":125,"column":39},"end":{"line":125,"column":68}},"line":125},"5":{"name":"(anonymous_5)","decl":{"start":{"line":128,"column":31},"end":{"line":128,"column":32}},"loc":{"start":{"line":128,"column":37},"end":{"line":128,"column":66}},"line":128},"6":{"name":"(anonymous_6)","decl":{"start":{"line":136,"column":28},"end":{"line":136,"column":29}},"loc":{"start":{"line":136,"column":34},"end":{"line":136,"column":53}},"line":136}},"branchMap":{"0":{"loc":{"start":{"line":63,"column":8},"end":{"line":68,"column":9}},"type":"if","locations":[{"start":{"line":63,"column":8},"end":{"line":68,"column":9}},{"start":{"line":63,"column":8},"end":{"line":68,"column":9}}],"line":63},"1":{"loc":{"start":{"line":83,"column":18},"end":{"line":83,"column":63}},"type":"cond-expr","locations":[{"start":{"line":83,"column":42},"end":{"line":83,"column":51}},{"start":{"line":83,"column":54},"end":{"line":83,"column":63}}],"line":83}},"s":{"0":0,"1":0,"2":0,"3":0,"4":0,"5":0,"6":0,"7":0,"8":0,"9":0,"10":0,"11":0,"12":0,"13":0,"14":0,"15":0,"16":0,"17":0,"18":0,"19":0,"20":0,"21":0,"22":0,"23":0},"f":{"0":0,"1":0,"2":0,"3":0,"4":0,"5":0,"6":0},"b":{"0":[0,0],"1":[0,0]},"hash":"2bb12294ff327d281e037d9f1b940806435dc79e"}
}
